<?xml version="1.0" encoding="UTF-8"?>
<testng-results ignored="0" total="4" passed="4" failed="0" skipped="0">
  <reporter-output>
  </reporter-output>
  <suite started-at="2024-06-07T22:56:49 IST" name="Suite" finished-at="2024-06-07T22:57:36 IST" duration-ms="47216">
    <groups>
      <group name="cucumber">
        <method signature="AbstractTestNGCucumberTests.runScenario(io.cucumber.testng.PickleWrapper,io.cucumber.testng.FeatureWrapper)[pri:0, instance:testrunner.Runner@428640fa]" name="runScenario" class="io.cucumber.testng.AbstractTestNGCucumberTests"/>
      </group> <!-- cucumber -->
    </groups>
    <test started-at="2024-06-07T22:56:49 IST" name="Firefox" finished-at="2024-06-07T22:57:36 IST" duration-ms="47216">
      <class name="testrunner.Runner">
        <test-method is-config="true" signature="ReportInit()[pri:0, instance:testrunner.Runner@428640fa]" started-at="2024-06-07T22:56:48 IST" name="ReportInit" finished-at="2024-06-07T22:56:49 IST" duration-ms="560" status="PASS">
          <reporter-output>
          </reporter-output>
        </test-method> <!-- ReportInit -->
        <test-method is-config="true" signature="setUpClass(org.testng.ITestContext)[pri:0, instance:testrunner.Runner@428640fa]" started-at="2024-06-07T22:56:49 IST" name="setUpClass" finished-at="2024-06-07T22:56:49 IST" duration-ms="323" status="PASS">
          <params>
            <param index="0">
              <value>
                <![CDATA[org.testng.TestRunner@4201a617]]>
              </value>
            </param>
          </params>
          <reporter-output>
          </reporter-output>
        </test-method> <!-- setUpClass -->
        <test-method signature="runScenario(io.cucumber.testng.PickleWrapper,io.cucumber.testng.FeatureWrapper)[pri:0, instance:testrunner.Runner@428640fa]" started-at="2024-06-07T22:56:49 IST" name="runScenario" description="Runs Cucumber Scenarios" data-provider="scenarios" finished-at="2024-06-07T22:57:13 IST" duration-ms="23581" status="PASS">
          <params>
            <param index="0">
              <value>
                <![CDATA["Verify Page loading in the CLEAR THE SHELTERS site"]]>
              </value>
            </param>
            <param index="1">
              <value>
                <![CDATA["Clear The Shelters Page Loading Verification"]]>
              </value>
            </param>
          </params>
          <reporter-output>
          </reporter-output>
        </test-method> <!-- runScenario -->
        <test-method signature="runScenario(io.cucumber.testng.PickleWrapper,io.cucumber.testng.FeatureWrapper)[pri:0, instance:testrunner.Runner@428640fa]" started-at="2024-06-07T22:56:49 IST" name="runScenario" description="Runs Cucumber Scenarios" data-provider="scenarios" finished-at="2024-06-07T22:57:13 IST" duration-ms="23280" status="PASS">
          <params>
            <param index="0">
              <value>
                <![CDATA["Verify Page loading in the CLEAR THE SHELTERS site"]]>
              </value>
            </param>
            <param index="1">
              <value>
                <![CDATA["Clear The Shelters Page Loading Verification"]]>
              </value>
            </param>
          </params>
          <reporter-output>
          </reporter-output>
        </test-method> <!-- runScenario -->
        <test-method signature="runScenario(io.cucumber.testng.PickleWrapper,io.cucumber.testng.FeatureWrapper)[pri:0, instance:testrunner.Runner@428640fa]" started-at="2024-06-07T22:57:13 IST" name="runScenario" description="Runs Cucumber Scenarios" data-provider="scenarios" finished-at="2024-06-07T22:57:36 IST" duration-ms="22975" status="PASS">
          <params>
            <param index="0">
              <value>
                <![CDATA["Verify Page loading in the CLEAR THE SHELTERS site"]]>
              </value>
            </param>
            <param index="1">
              <value>
                <![CDATA["Clear The Shelters Page Loading Verification"]]>
              </value>
            </param>
          </params>
          <reporter-output>
          </reporter-output>
        </test-method> <!-- runScenario -->
        <test-method signature="runScenario(io.cucumber.testng.PickleWrapper,io.cucumber.testng.FeatureWrapper)[pri:0, instance:testrunner.Runner@428640fa]" started-at="2024-06-07T22:57:13 IST" name="runScenario" description="Runs Cucumber Scenarios" data-provider="scenarios" finished-at="2024-06-07T22:57:36 IST" duration-ms="23252" status="PASS">
          <params>
            <param index="0">
              <value>
                <![CDATA["Verify Page loading in the CLEAR THE SHELTERS site"]]>
              </value>
            </param>
            <param index="1">
              <value>
                <![CDATA["Clear The Shelters Page Loading Verification"]]>
              </value>
            </param>
          </params>
          <reporter-output>
          </reporter-output>
        </test-method> <!-- runScenario -->
        <test-method is-config="true" signature="tearDownClass()[pri:0, instance:testrunner.Runner@428640fa]" started-at="2024-06-07T22:57:36 IST" name="tearDownClass" finished-at="2024-06-07T22:57:36 IST" duration-ms="4" status="PASS">
          <reporter-output>
          </reporter-output>
        </test-method> <!-- tearDownClass -->
        <test-method is-config="true" signature="ReportClose()[pri:0, instance:testrunner.Runner@428640fa]" started-at="2024-06-07T22:57:36 IST" name="ReportClose" finished-at="2024-06-07T22:57:37 IST" duration-ms="966" status="PASS">
          <reporter-output>
          </reporter-output>
        </test-method> <!-- ReportClose -->
      </class> <!-- testrunner.Runner -->
    </test> <!-- Firefox -->
  </suite> <!-- Suite -->
</testng-results>
