<?xml version="1.0" encoding="UTF-8"?>
<testng-results ignored="0" total="4" passed="4" failed="0" skipped="0">
  <reporter-output>
  </reporter-output>
  <suite started-at="2024-06-07T21:11:40 IST" name="Suite" finished-at="2024-06-07T21:12:18 IST" duration-ms="37945">
    <groups>
      <group name="cucumber">
        <method signature="AbstractTestNGCucumberTests.runScenario(io.cucumber.testng.PickleWrapper,io.cucumber.testng.FeatureWrapper)[pri:0, instance:testrunner.Runner@428640fa]" name="runScenario" class="io.cucumber.testng.AbstractTestNGCucumberTests"/>
      </group> <!-- cucumber -->
    </groups>
    <test started-at="2024-06-07T21:11:40 IST" name="Firefox" finished-at="2024-06-07T21:12:18 IST" duration-ms="37945">
      <class name="testrunner.Runner">
        <test-method is-config="true" signature="ReportInit()[pri:0, instance:testrunner.Runner@428640fa]" started-at="2024-06-07T21:11:40 IST" name="ReportInit" finished-at="2024-06-07T21:11:40 IST" duration-ms="384" status="PASS">
          <reporter-output>
          </reporter-output>
        </test-method> <!-- ReportInit -->
        <test-method is-config="true" signature="setUpClass(org.testng.ITestContext)[pri:0, instance:testrunner.Runner@428640fa]" started-at="2024-06-07T21:11:40 IST" name="setUpClass" finished-at="2024-06-07T21:11:40 IST" duration-ms="234" status="PASS">
          <params>
            <param index="0">
              <value>
                <![CDATA[org.testng.TestRunner@61e3a1fd]]>
              </value>
            </param>
          </params>
          <reporter-output>
          </reporter-output>
        </test-method> <!-- setUpClass -->
        <test-method signature="runScenario(io.cucumber.testng.PickleWrapper,io.cucumber.testng.FeatureWrapper)[pri:0, instance:testrunner.Runner@428640fa]" started-at="2024-06-07T21:11:41 IST" name="runScenario" description="Runs Cucumber Scenarios" data-provider="scenarios" finished-at="2024-06-07T21:12:03 IST" duration-ms="22191" status="PASS">
          <params>
            <param index="0">
              <value>
                <![CDATA["Verify Page loading in the CLEAR THE SHELTERS site"]]>
              </value>
            </param>
            <param index="1">
              <value>
                <![CDATA["Clear The Shelters Page Loading Verification"]]>
              </value>
            </param>
          </params>
          <reporter-output>
          </reporter-output>
        </test-method> <!-- runScenario -->
        <test-method signature="runScenario(io.cucumber.testng.PickleWrapper,io.cucumber.testng.FeatureWrapper)[pri:0, instance:testrunner.Runner@428640fa]" started-at="2024-06-07T21:11:41 IST" name="runScenario" description="Runs Cucumber Scenarios" data-provider="scenarios" finished-at="2024-06-07T21:12:03 IST" duration-ms="22113" status="PASS">
          <params>
            <param index="0">
              <value>
                <![CDATA["Verify Page loading in the CLEAR THE SHELTERS site"]]>
              </value>
            </param>
            <param index="1">
              <value>
                <![CDATA["Clear The Shelters Page Loading Verification"]]>
              </value>
            </param>
          </params>
          <reporter-output>
          </reporter-output>
        </test-method> <!-- runScenario -->
        <test-method signature="runScenario(io.cucumber.testng.PickleWrapper,io.cucumber.testng.FeatureWrapper)[pri:0, instance:testrunner.Runner@428640fa]" started-at="2024-06-07T21:12:03 IST" name="runScenario" description="Runs Cucumber Scenarios" data-provider="scenarios" finished-at="2024-06-07T21:12:17 IST" duration-ms="14371" status="PASS">
          <params>
            <param index="0">
              <value>
                <![CDATA["Verify Page loading in the CLEAR THE SHELTERS site"]]>
              </value>
            </param>
            <param index="1">
              <value>
                <![CDATA["Clear The Shelters Page Loading Verification"]]>
              </value>
            </param>
          </params>
          <reporter-output>
          </reporter-output>
        </test-method> <!-- runScenario -->
        <test-method signature="runScenario(io.cucumber.testng.PickleWrapper,io.cucumber.testng.FeatureWrapper)[pri:0, instance:testrunner.Runner@428640fa]" started-at="2024-06-07T21:12:03 IST" name="runScenario" description="Runs Cucumber Scenarios" data-provider="scenarios" finished-at="2024-06-07T21:12:18 IST" duration-ms="15471" status="PASS">
          <params>
            <param index="0">
              <value>
                <![CDATA["Verify Page loading in the CLEAR THE SHELTERS site"]]>
              </value>
            </param>
            <param index="1">
              <value>
                <![CDATA["Clear The Shelters Page Loading Verification"]]>
              </value>
            </param>
          </params>
          <reporter-output>
          </reporter-output>
        </test-method> <!-- runScenario -->
        <test-method is-config="true" signature="tearDownClass()[pri:0, instance:testrunner.Runner@428640fa]" started-at="2024-06-07T21:12:18 IST" name="tearDownClass" finished-at="2024-06-07T21:12:18 IST" duration-ms="1" status="PASS">
          <reporter-output>
          </reporter-output>
        </test-method> <!-- tearDownClass -->
        <test-method is-config="true" signature="ReportClose()[pri:0, instance:testrunner.Runner@428640fa]" started-at="2024-06-07T21:12:18 IST" name="ReportClose" finished-at="2024-06-07T21:12:19 IST" duration-ms="805" status="PASS">
          <reporter-output>
          </reporter-output>
        </test-method> <!-- ReportClose -->
      </class> <!-- testrunner.Runner -->
    </test> <!-- Firefox -->
  </suite> <!-- Suite -->
</testng-results>
